  main.cpp
C:\Users\labeya1\vcpkg\installed\x64-windows\include\trantor\utils\LogStream.h(248,17): warning C4251: trantor::LogStream::exBuffer_: class "std::basic_string<char,std::char_traits<char>,std::allocator<char>>" должен иметь dll-интерфейс для использования клиентами class "trantor::LogStream"
C:\Program Files\Microsoft Visual Studio\2022\Community\VC\Tools\MSVC\14.35.32215\include\xstring(5300,29): message : см. объявление "std::basic_string<char,std::char_traits<char>,std::allocator<char>>"
C:\Users\labeya1\vcpkg\installed\x64-windows\include\trantor\utils\Logger.h(335,16): warning C4251: trantor::Logger::sourceFile_: class "trantor::Logger::SourceFile" должен иметь dll-интерфейс для использования клиентами class "trantor::Logger"
C:\Users\labeya1\vcpkg\installed\x64-windows\include\trantor\utils\Logger.h(57,11): message : см. объявление "trantor::Logger::SourceFile"
C:\Users\labeya1\vcpkg\installed\x64-windows\include\drogon\Cookie.h(410,17): warning C4251: drogon::Cookie::domain_: class "std::basic_string<char,std::char_traits<char>,std::allocator<char>>" должен иметь dll-интерфейс для использования клиентами class "drogon::Cookie"
C:\Program Files\Microsoft Visual Studio\2022\Community\VC\Tools\MSVC\14.35.32215\include\xstring(5300,29): message : см. объявление "std::basic_string<char,std::char_traits<char>,std::allocator<char>>"
C:\Users\labeya1\vcpkg\installed\x64-windows\include\drogon\Cookie.h(411,17): warning C4251: drogon::Cookie::path_: class "std::basic_string<char,std::char_traits<char>,std::allocator<char>>" должен иметь dll-интерфейс для использования клиентами class "drogon::Cookie"
C:\Program Files\Microsoft Visual Studio\2022\Community\VC\Tools\MSVC\14.35.32215\include\xstring(5300,29): message : см. объявление "std::basic_string<char,std::char_traits<char>,std::allocator<char>>"
C:\Users\labeya1\vcpkg\installed\x64-windows\include\drogon\Cookie.h(412,17): warning C4251: drogon::Cookie::key_: class "std::basic_string<char,std::char_traits<char>,std::allocator<char>>" должен иметь dll-интерфейс для использования клиентами class "drogon::Cookie"
C:\Program Files\Microsoft Visual Studio\2022\Community\VC\Tools\MSVC\14.35.32215\include\xstring(5300,29): message : см. объявление "std::basic_string<char,std::char_traits<char>,std::allocator<char>>"
C:\Users\labeya1\vcpkg\installed\x64-windows\include\drogon\Cookie.h(413,17): warning C4251: drogon::Cookie::value_: class "std::basic_string<char,std::char_traits<char>,std::allocator<char>>" должен иметь dll-интерфейс для использования клиентами class "drogon::Cookie"
C:\Program Files\Microsoft Visual Studio\2022\Community\VC\Tools\MSVC\14.35.32215\include\xstring(5300,29): message : см. объявление "std::basic_string<char,std::char_traits<char>,std::allocator<char>>"
C:\Users\labeya1\vcpkg\installed\x64-windows\include\drogon\Cookie.h(414,24): warning C4251: drogon::Cookie::maxAge_: class "std::optional<int>" должен иметь dll-интерфейс для использования клиентами class "drogon::Cookie"
C:\Program Files\Microsoft Visual Studio\2022\Community\VC\Tools\MSVC\14.35.32215\include\chrono(3060,9): message : см. объявление "std::optional<int>"
C:\Users\labeya1\vcpkg\installed\x64-windows\include\trantor\utils\MsgBuffer.h(352,23): warning C4251: trantor::MsgBuffer::buffer_: class "std::vector<char,std::allocator<char>>" должен иметь dll-интерфейс для использования клиентами class "trantor::MsgBuffer"
C:\Users\labeya1\vcpkg\installed\x64-windows\include\drogon\utils\Utilities.h(100,20): message : см. объявление "std::vector<char,std::allocator<char>>"
C:\Users\labeya1\vcpkg\installed\x64-windows\include\drogon\HttpViewData.h(172,25): warning C4251: drogon::HttpViewData::viewData_: class "std::unordered_map<std::string,std::any,std::hash<std::string>,std::equal_to<std::string>,std::allocator<std::pair<const std::string,std::any>>>" должен иметь dll-интерфейс для использования клиентами class "drogon::HttpViewData"
C:\Users\labeya1\vcpkg\installed\x64-windows\include\drogon\HttpViewData.h(171,30): message : см. объявление "std::unordered_map<std::string,std::any,std::hash<std::string>,std::equal_to<std::string>,std::allocator<std::pair<const std::string,std::any>>>"
C:\Users\labeya1\vcpkg\installed\x64-windows\include\drogon\HttpResponse.h(111,29): warning C4251: drogon::ResponseStream::asyncStream_: class "std::unique_ptr<trantor::AsyncStream,std::default_delete<trantor::AsyncStream>>" должен иметь dll-интерфейс для использования клиентами class "drogon::ResponseStream"
C:\Users\labeya1\vcpkg\installed\x64-windows\include\trantor\net\AsyncStream.h(50,29): message : см. объявление "std::unique_ptr<trantor::AsyncStream,std::default_delete<trantor::AsyncStream>>"
C:\Users\labeya1\vcpkg\installed\x64-windows\include\trantor\net\EventLoop.h(302,23): warning C4251: trantor::EventLoop::looping_: struct "std::atomic<bool>" должен иметь dll-интерфейс для использования клиентами class "trantor::EventLoop"
C:\Program Files\Microsoft Visual Studio\2022\Community\VC\Tools\MSVC\14.35.32215\include\atomic(2673,33): message : см. объявление "std::atomic<bool>"
C:\Users\labeya1\vcpkg\installed\x64-windows\include\trantor\net\EventLoop.h(303,21): warning C4251: trantor::EventLoop::threadId_: class "std::thread::id" должен иметь dll-интерфейс для использования клиентами class "trantor::EventLoop"
C:\Program Files\Microsoft Visual Studio\2022\Community\VC\Tools\MSVC\14.35.32215\include\thread(39,11): message : см. объявление "std::thread::id"
C:\Users\labeya1\vcpkg\installed\x64-windows\include\trantor\net\EventLoop.h(304,23): warning C4251: trantor::EventLoop::quit_: struct "std::atomic<bool>" должен иметь dll-интерфейс для использования клиентами class "trantor::EventLoop"
C:\Program Files\Microsoft Visual Studio\2022\Community\VC\Tools\MSVC\14.35.32215\include\atomic(2673,33): message : см. объявление "std::atomic<bool>"
C:\Users\labeya1\vcpkg\installed\x64-windows\include\trantor\net\EventLoop.h(305,29): warning C4251: trantor::EventLoop::poller_: class "std::unique_ptr<trantor::Poller,std::default_delete<trantor::Poller>>" должен иметь dll-интерфейс для использования клиентами class "trantor::EventLoop"
C:\Users\labeya1\vcpkg\installed\x64-windows\include\trantor\net\EventLoop.h(305,10): message : см. объявление "std::unique_ptr<trantor::Poller,std::default_delete<trantor::Poller>>"
C:\Users\labeya1\vcpkg\installed\x64-windows\include\trantor\net\EventLoop.h(307,17): warning C4251: trantor::EventLoop::activeChannels_: class "std::vector<trantor::Channel *,std::allocator<trantor::Channel *>>" должен иметь dll-интерфейс для использования клиентами class "trantor::EventLoop"
C:\Users\labeya1\vcpkg\installed\x64-windows\include\trantor\net\EventLoop.h(38,26): message : см. объявление "std::vector<trantor::Channel *,std::allocator<trantor::Channel *>>"
C:\Users\labeya1\vcpkg\installed\x64-windows\include\trantor\net\EventLoop.h(311,21): warning C4251: trantor::EventLoop::funcs_: class "trantor::MpscQueue<trantor::Func>" должен иметь dll-интерфейс для использования клиентами class "trantor::EventLoop"
C:\Users\labeya1\vcpkg\installed\x64-windows\include\trantor\net\EventLoop.h(311,5): message : см. объявление "trantor::MpscQueue<trantor::Func>"
C:\Users\labeya1\vcpkg\installed\x64-windows\include\trantor\net\EventLoop.h(312,33): warning C4251: trantor::EventLoop::timerQueue_: class "std::unique_ptr<trantor::TimerQueue,std::default_delete<trantor::TimerQueue>>" должен иметь dll-интерфейс для использования клиентами class "trantor::EventLoop"
C:\Users\labeya1\vcpkg\installed\x64-windows\include\trantor\net\EventLoop.h(312,10): message : см. объявление "std::unique_ptr<trantor::TimerQueue,std::default_delete<trantor::TimerQueue>>"
C:\Users\labeya1\vcpkg\installed\x64-windows\include\trantor\net\EventLoop.h(313,21): warning C4251: trantor::EventLoop::funcsOnQuit_: class "trantor::MpscQueue<trantor::Func>" должен иметь dll-интерфейс для использования клиентами class "trantor::EventLoop"
C:\Users\labeya1\vcpkg\installed\x64-windows\include\trantor\net\EventLoop.h(311,5): message : см. объявление "trantor::MpscQueue<trantor::Func>"
C:\Users\labeya1\vcpkg\installed\x64-windows\include\drogon\MultiPart.h(117,35): warning C4251: drogon::HttpFile::implPtr_: class "std::shared_ptr<drogon::HttpFileImpl>" должен иметь dll-интерфейс для использования клиентами class "drogon::HttpFile"
C:\Users\labeya1\vcpkg\installed\x64-windows\include\drogon\MultiPart.h(37,28): message : см. объявление "std::shared_ptr<drogon::HttpFileImpl>"
C:\Users\labeya1\vcpkg\installed\x64-windows\include\drogon\MultiPart.h(176,27): warning C4251: drogon::MultiPartParser::files_: class "std::vector<drogon::HttpFile,std::allocator<drogon::HttpFile>>" должен иметь dll-интерфейс для использования клиентами class "drogon::MultiPartParser"
C:\Users\labeya1\vcpkg\installed\x64-windows\include\drogon\MultiPart.h(129,16): message : см. объявление "std::vector<drogon::HttpFile,std::allocator<drogon::HttpFile>>"
C:\Users\labeya1\vcpkg\installed\x64-windows\include\drogon\MultiPart.h(177,32): warning C4251: drogon::MultiPartParser::parameters_: class "std::unordered_map<std::basic_string<char,std::char_traits<char>,std::allocator<char>>,std::string,drogon::utils::internal::SafeStringHash,std::equal_to<std::string>,std::allocator<std::pair<const std::basic_string<char,std::char_traits<char>,std::allocator<char>>,std::string>>>" должен иметь dll-интерфейс для использования клиентами class "drogon::MultiPartParser"
C:\Users\labeya1\vcpkg\installed\x64-windows\include\drogon\utils\Utilities.h(536,10): message : см. объявление "std::unordered_map<std::basic_string<char,std::char_traits<char>,std::allocator<char>>,std::string,drogon::utils::internal::SafeStringHash,std::equal_to<std::string>,std::allocator<std::pair<const std::basic_string<char,std::char_traits<char>,std::allocator<char>>,std::string>>>"
C:\Users\labeya1\vcpkg\installed\x64-windows\include\drogon\plugins\Plugin.h(101,17): warning C4251: drogon::PluginBase::config_: class "Json::Value" должен иметь dll-интерфейс для использования клиентами class "drogon::PluginBase"
C:\Users\labeya1\vcpkg\installed\x64-windows\include\json\writer.h(27,7): message : см. объявление "Json::Value"
C:\Users\labeya1\vcpkg\installed\x64-windows\include\drogon\plugins\Plugin.h(102,31): warning C4251: drogon::PluginBase::dependencies_: class "std::vector<drogon::PluginBase *,std::allocator<drogon::PluginBase *>>" должен иметь dll-интерфейс для использования клиентами class "drogon::PluginBase"
C:\Users\labeya1\vcpkg\installed\x64-windows\include\drogon\plugins\Plugin.h(102,10): message : см. объявление "std::vector<drogon::PluginBase *,std::allocator<drogon::PluginBase *>>"
C:\Users\labeya1\vcpkg\installed\x64-windows\include\drogon\plugins\Plugin.h(103,39): warning C4251: drogon::PluginBase::initializedCallback_: class "std::function<void (drogon::PluginBase *)>" должен иметь dll-интерфейс для использования клиентами class "drogon::PluginBase"
C:\Users\labeya1\vcpkg\installed\x64-windows\include\drogon\plugins\Plugin.h(96,44): message : см. объявление "std::function<void (drogon::PluginBase *)>"
C:\Users\labeya1\vcpkg\installed\x64-windows\include\drogon\orm\Result.h(147,19): warning C4251: drogon::orm::Result::resultPtr_: class "std::shared_ptr<drogon::orm::ResultImpl>" должен иметь dll-интерфейс для использования клиентами class "drogon::orm::Result"
C:\Users\labeya1\vcpkg\installed\x64-windows\include\drogon\orm\Result.h(35,28): message : см. объявление "std::shared_ptr<drogon::orm::ResultImpl>"
C:\Users\labeya1\vcpkg\installed\x64-windows\include\drogon\orm\SqlBinder.h(585,34): warning C4251: drogon::orm::internal::SqlBinder::sqlPtr_: class "std::shared_ptr<std::string>" должен иметь dll-интерфейс для использования клиентами class "drogon::orm::internal::SqlBinder"
C:\Users\labeya1\vcpkg\installed\x64-windows\include\pqxx\result.hxx(327,10): message : см. объявление "std::shared_ptr<std::string>"
C:\Users\labeya1\vcpkg\installed\x64-windows\include\drogon\orm\SqlBinder.h(590,31): warning C4251: drogon::orm::internal::SqlBinder::parameters_: class "std::vector<const char *,std::allocator<const char *>>" должен иметь dll-интерфейс для использования клиентами class "drogon::orm::internal::SqlBinder"
C:\Users\labeya1\vcpkg\installed\x64-windows\include\pqxx\internal\statement_parameters.hxx(123,8): message : см. объявление "std::vector<const char *,std::allocator<const char *>>"
C:\Users\labeya1\vcpkg\installed\x64-windows\include\drogon\orm\SqlBinder.h(591,22): warning C4251: drogon::orm::internal::SqlBinder::lengths_: class "std::vector<int,std::allocator<int>>" должен иметь dll-интерфейс для использования клиентами class "drogon::orm::internal::SqlBinder"
C:\Users\labeya1\vcpkg\installed\x64-windows\include\pqxx\internal\statement_parameters.hxx(125,8): message : см. объявление "std::vector<int,std::allocator<int>>"
C:\Users\labeya1\vcpkg\installed\x64-windows\include\drogon\orm\SqlBinder.h(592,22): warning C4251: drogon::orm::internal::SqlBinder::formats_: class "std::vector<int,std::allocator<int>>" должен иметь dll-интерфейс для использования клиентами class "drogon::orm::internal::SqlBinder"
C:\Users\labeya1\vcpkg\installed\x64-windows\include\pqxx\internal\statement_parameters.hxx(125,8): message : см. объявление "std::vector<int,std::allocator<int>>"
C:\Users\labeya1\vcpkg\installed\x64-windows\include\drogon\orm\SqlBinder.h(593,40): warning C4251: drogon::orm::internal::SqlBinder::objs_: class "std::vector<std::shared_ptr<void>,std::allocator<std::shared_ptr<void>>>" должен иметь dll-интерфейс для использования клиентами class "drogon::orm::internal::SqlBinder"
C:\Users\labeya1\vcpkg\installed\x64-windows\include\drogon\orm\SqlBinder.h(593,10): message : см. объявление "std::vector<std::shared_ptr<void>,std::allocator<std::shared_ptr<void>>>"
C:\Users\labeya1\vcpkg\installed\x64-windows\include\drogon\orm\SqlBinder.h(595,41): warning C4251: drogon::orm::internal::SqlBinder::callbackHolder_: class "std::shared_ptr<drogon::orm::internal::CallbackHolderBase>" должен иметь dll-интерфейс для использования клиентами class "drogon::orm::internal::SqlBinder"
C:\Users\labeya1\vcpkg\installed\x64-windows\include\drogon\orm\SqlBinder.h(595,10): message : см. объявление "std::shared_ptr<drogon::orm::internal::CallbackHolderBase>"
C:\Users\labeya1\vcpkg\installed\x64-windows\include\drogon\orm\SqlBinder.h(596,31): warning C4251: drogon::orm::internal::SqlBinder::exceptionCallback_: class "std::function<void (const drogon::orm::DrogonDbException &)>" должен иметь dll-интерфейс для использования клиентами class "drogon::orm::internal::SqlBinder"
C:\Users\labeya1\vcpkg\installed\x64-windows\include\drogon\orm\Exception.h(550,10): message : см. объявление "std::function<void (const drogon::orm::DrogonDbException &)>"
C:\Users\labeya1\vcpkg\installed\x64-windows\include\drogon\orm\SqlBinder.h(597,23): warning C4251: drogon::orm::internal::SqlBinder::exceptionPtrCallback_: class "std::function<void (const std::exception_ptr &)>" должен иметь dll-интерфейс для использования клиентами class "drogon::orm::internal::SqlBinder"
C:\Users\labeya1\vcpkg\installed\x64-windows\include\drogon\orm\SqlBinder.h(112,32): message : см. объявление "std::function<void (const std::exception_ptr &)>"
C:\Users\labeya1\vcpkg\installed\x64-windows\include\drogon\orm\DbClient.h(358,17): warning C4251: drogon::orm::DbClient::connectionInfo_: class "std::basic_string<char,std::char_traits<char>,std::allocator<char>>" должен иметь dll-интерфейс для использования клиентами class "drogon::orm::DbClient"
C:\Program Files\Microsoft Visual Studio\2022\Community\VC\Tools\MSVC\14.35.32215\include\xstring(5300,29): message : см. объявление "std::basic_string<char,std::char_traits<char>,std::allocator<char>>"
C:\Users\labeya1\vcpkg\installed\x64-windows\include\drogon\plugins\SecureSSLRedirector.h(52,1): warning C4251: std::enable_shared_from_this<drogon::plugin::SecureSSLRedirector>::_Wptr: class "std::weak_ptr<_Ty>" должен иметь dll-интерфейс для использования клиентами class "std::enable_shared_from_this<drogon::plugin::SecureSSLRedirector>"
          with
          [
              _Ty=drogon::plugin::SecureSSLRedirector
          ]
C:\Program Files\Microsoft Visual Studio\2022\Community\VC\Tools\MSVC\14.35.32215\include\memory(3028,16): message : см. объявление "std::weak_ptr<_Ty>"
          with
          [
              _Ty=drogon::plugin::SecureSSLRedirector
          ]
C:\Users\labeya1\vcpkg\installed\x64-windows\include\drogon\plugins\SecureSSLRedirector.h(74,16): warning C4251: drogon::plugin::SecureSSLRedirector::exemptRegex_: class "std::basic_regex<char,std::regex_traits<char>>" должен иметь dll-интерфейс для использования клиентами class "drogon::plugin::SecureSSLRedirector"
C:\Program Files\Microsoft Visual Studio\2022\Community\VC\Tools\MSVC\14.35.32215\include\regex(2032,29): message : см. объявление "std::basic_regex<char,std::regex_traits<char>>"
C:\Users\labeya1\vcpkg\installed\x64-windows\include\drogon\plugins\SecureSSLRedirector.h(76,17): warning C4251: drogon::plugin::SecureSSLRedirector::secureHost_: class "std::basic_string<char,std::char_traits<char>,std::allocator<char>>" должен иметь dll-интерфейс для использования клиентами class "drogon::plugin::SecureSSLRedirector"
C:\Program Files\Microsoft Visual Studio\2022\Community\VC\Tools\MSVC\14.35.32215\include\xstring(5300,29): message : см. объявление "std::basic_string<char,std::char_traits<char>,std::allocator<char>>"
C:\Users\labeya1\vcpkg\installed\x64-windows\include\trantor\utils\AsyncFileLogger.h(119,16): warning C4251: trantor::AsyncFileLogger::mutex_: class "std::mutex" должен иметь dll-интерфейс для использования клиентами class "trantor::AsyncFileLogger"
C:\Program Files\Microsoft Visual Studio\2022\Community\VC\Tools\MSVC\14.35.32215\include\mutex(86,19): message : см. объявление "std::mutex"
C:\Users\labeya1\vcpkg\installed\x64-windows\include\trantor\utils\AsyncFileLogger.h(120,29): warning C4251: trantor::AsyncFileLogger::cond_: class "std::condition_variable" должен иметь dll-интерфейс для использования клиентами class "trantor::AsyncFileLogger"
C:\Program Files\Microsoft Visual Studio\2022\Community\VC\Tools\MSVC\14.35.32215\include\mutex(573,19): message : см. объявление "std::condition_variable"
C:\Users\labeya1\vcpkg\installed\x64-windows\include\trantor\utils\AsyncFileLogger.h(121,15): warning C4251: trantor::AsyncFileLogger::logBufferPtr_: class "std::shared_ptr<std::string>" должен иметь dll-интерфейс для использования клиентами class "trantor::AsyncFileLogger"
C:\Users\labeya1\vcpkg\installed\x64-windows\include\pqxx\result.hxx(327,10): message : см. объявление "std::shared_ptr<std::string>"
C:\Users\labeya1\vcpkg\installed\x64-windows\include\trantor\utils\AsyncFileLogger.h(122,15): warning C4251: trantor::AsyncFileLogger::nextBufferPtr_: class "std::shared_ptr<std::string>" должен иметь dll-интерфейс для использования клиентами class "trantor::AsyncFileLogger"
C:\Users\labeya1\vcpkg\installed\x64-windows\include\pqxx\result.hxx(327,10): message : см. объявление "std::shared_ptr<std::string>"
C:\Users\labeya1\vcpkg\installed\x64-windows\include\trantor\utils\AsyncFileLogger.h(123,20): warning C4251: trantor::AsyncFileLogger::writeBuffers_: class "std::queue<trantor::StringPtr,std::deque<trantor::StringPtr,std::allocator<trantor::StringPtr>>>" должен иметь dll-интерфейс для использования клиентами class "trantor::AsyncFileLogger"
C:\Users\labeya1\vcpkg\installed\x64-windows\include\trantor\utils\AsyncFileLogger.h(31,29): message : см. объявление "std::queue<trantor::StringPtr,std::deque<trantor::StringPtr,std::allocator<trantor::StringPtr>>>"
C:\Users\labeya1\vcpkg\installed\x64-windows\include\trantor\utils\AsyncFileLogger.h(124,20): warning C4251: trantor::AsyncFileLogger::tmpBuffers_: class "std::queue<trantor::StringPtr,std::deque<trantor::StringPtr,std::allocator<trantor::StringPtr>>>" должен иметь dll-интерфейс для использования клиентами class "trantor::AsyncFileLogger"
C:\Users\labeya1\vcpkg\installed\x64-windows\include\trantor\utils\AsyncFileLogger.h(31,29): message : см. объявление "std::queue<trantor::StringPtr,std::deque<trantor::StringPtr,std::allocator<trantor::StringPtr>>>"
C:\Users\labeya1\vcpkg\installed\x64-windows\include\trantor\utils\AsyncFileLogger.h(126,34): warning C4251: trantor::AsyncFileLogger::threadPtr_: class "std::unique_ptr<std::thread,std::default_delete<std::thread>>" должен иметь dll-интерфейс для использования клиентами class "trantor::AsyncFileLogger"
C:\Users\labeya1\vcpkg\installed\x64-windows\include\trantor\utils\AsyncFileLogger.h(126,10): message : см. объявление "std::unique_ptr<std::thread,std::default_delete<std::thread>>"
C:\Users\labeya1\vcpkg\installed\x64-windows\include\trantor\utils\AsyncFileLogger.h(129,17): warning C4251: trantor::AsyncFileLogger::filePath_: class "std::basic_string<char,std::char_traits<char>,std::allocator<char>>" должен иметь dll-интерфейс для использования клиентами class "trantor::AsyncFileLogger"
C:\Program Files\Microsoft Visual Studio\2022\Community\VC\Tools\MSVC\14.35.32215\include\xstring(5300,29): message : см. объявление "std::basic_string<char,std::char_traits<char>,std::allocator<char>>"
C:\Users\labeya1\vcpkg\installed\x64-windows\include\trantor\utils\AsyncFileLogger.h(130,17): warning C4251: trantor::AsyncFileLogger::fileBaseName_: class "std::basic_string<char,std::char_traits<char>,std::allocator<char>>" должен иметь dll-интерфейс для использования клиентами class "trantor::AsyncFileLogger"
C:\Program Files\Microsoft Visual Studio\2022\Community\VC\Tools\MSVC\14.35.32215\include\xstring(5300,29): message : см. объявление "std::basic_string<char,std::char_traits<char>,std::allocator<char>>"
C:\Users\labeya1\vcpkg\installed\x64-windows\include\trantor\utils\AsyncFileLogger.h(131,17): warning C4251: trantor::AsyncFileLogger::fileExtName_: class "std::basic_string<char,std::char_traits<char>,std::allocator<char>>" должен иметь dll-интерфейс для использования клиентами class "trantor::AsyncFileLogger"
C:\Program Files\Microsoft Visual Studio\2022\Community\VC\Tools\MSVC\14.35.32215\include\xstring(5300,29): message : см. объявление "std::basic_string<char,std::char_traits<char>,std::allocator<char>>"
C:\Users\labeya1\vcpkg\installed\x64-windows\include\trantor\utils\AsyncFileLogger.h(174,33): warning C4251: trantor::AsyncFileLogger::loggerFilePtr_: class "std::unique_ptr<trantor::AsyncFileLogger::LoggerFile,std::default_delete<trantor::AsyncFileLogger::LoggerFile>>" должен иметь dll-интерфейс для использования клиентами class "trantor::AsyncFileLogger"
C:\Users\labeya1\vcpkg\installed\x64-windows\include\trantor\utils\AsyncFileLogger.h(174,10): message : см. объявление "std::unique_ptr<trantor::AsyncFileLogger::LoggerFile,std::default_delete<trantor::AsyncFileLogger::LoggerFile>>"
C:\Users\labeya1\vcpkg\installed\x64-windows\include\drogon\plugins\AccessLogger.h(118,17): warning C4251: drogon::plugin::AccessLogger::timeFormat_: class "std::basic_string<char,std::char_traits<char>,std::allocator<char>>" должен иметь dll-интерфейс для использования клиентами class "drogon::plugin::AccessLogger"
C:\Program Files\Microsoft Visual Studio\2022\Community\VC\Tools\MSVC\14.35.32215\include\xstring(5300,29): message : см. объявление "std::basic_string<char,std::char_traits<char>,std::allocator<char>>"
C:\Users\labeya1\vcpkg\installed\x64-windows\include\drogon\plugins\AccessLogger.h(124,30): warning C4251: drogon::plugin::AccessLogger::logFunctions_: class "std::vector<drogon::plugin::AccessLogger::LogFunction,std::allocator<drogon::plugin::AccessLogger::LogFunction>>" должен иметь dll-интерфейс для использования клиентами class "drogon::plugin::AccessLogger"
C:\Users\labeya1\vcpkg\installed\x64-windows\include\drogon\plugins\AccessLogger.h(124,10): message : см. объявление "std::vector<drogon::plugin::AccessLogger::LogFunction,std::allocator<drogon::plugin::AccessLogger::LogFunction>>"
C:\Users\labeya1\vcpkg\installed\x64-windows\include\drogon\plugins\AccessLogger.h(130,40): warning C4251: drogon::plugin::AccessLogger::logFunctionMap_: class "std::map<std::string,drogon::plugin::AccessLogger::LogFunction,std::less<std::string>,std::allocator<std::pair<const std::string,drogon::plugin::AccessLogger::LogFunction>>>" должен иметь dll-интерфейс для использования клиентами class "drogon::plugin::AccessLogger"
C:\Users\labeya1\vcpkg\installed\x64-windows\include\drogon\plugins\AccessLogger.h(130,10): message : см. объявление "std::map<std::string,drogon::plugin::AccessLogger::LogFunction,std::less<std::string>,std::allocator<std::pair<const std::string,drogon::plugin::AccessLogger::LogFunction>>>"
C:\Users\labeya1\vcpkg\installed\x64-windows\include\drogon\plugins\RealIpResolver.h(69,23): warning C4251: drogon::plugin::RealIpResolver::trustCIDRs_: class "std::vector<drogon::plugin::RealIpResolver::CIDR,std::allocator<drogon::plugin::RealIpResolver::CIDR>>" должен иметь dll-интерфейс для использования клиентами class "drogon::plugin::RealIpResolver"
C:\Users\labeya1\vcpkg\installed\x64-windows\include\drogon\plugins\RealIpResolver.h(69,10): message : см. объявление "std::vector<drogon::plugin::RealIpResolver::CIDR,std::allocator<drogon::plugin::RealIpResolver::CIDR>>"
C:\Users\labeya1\vcpkg\installed\x64-windows\include\drogon\plugins\RealIpResolver.h(70,17): warning C4251: drogon::plugin::RealIpResolver::fromHeader_: class "std::basic_string<char,std::char_traits<char>,std::allocator<char>>" должен иметь dll-интерфейс для использования клиентами class "drogon::plugin::RealIpResolver"
C:\Program Files\Microsoft Visual Studio\2022\Community\VC\Tools\MSVC\14.35.32215\include\xstring(5300,29): message : см. объявление "std::basic_string<char,std::char_traits<char>,std::allocator<char>>"
C:\Users\labeya1\vcpkg\installed\x64-windows\include\drogon\plugins\RealIpResolver.h(71,17): warning C4251: drogon::plugin::RealIpResolver::attributeKey_: class "std::basic_string<char,std::char_traits<char>,std::allocator<char>>" должен иметь dll-интерфейс для использования клиентами class "drogon::plugin::RealIpResolver"
C:\Program Files\Microsoft Visual Studio\2022\Community\VC\Tools\MSVC\14.35.32215\include\xstring(5300,29): message : см. объявление "std::basic_string<char,std::char_traits<char>,std::allocator<char>>"
C:\Users\labeya1\vcpkg\installed\x64-windows\include\drogon\RateLimiter.h(72,20): warning C4251: drogon::SafeRateLimiter::limiter_: class "std::shared_ptr<drogon::RateLimiter>" должен иметь dll-интерфейс для использования клиентами class "drogon::SafeRateLimiter"
C:\Users\labeya1\vcpkg\installed\x64-windows\include\drogon\RateLimiter.h(26,29): message : см. объявление "std::shared_ptr<drogon::RateLimiter>"
C:\Users\labeya1\vcpkg\installed\x64-windows\include\drogon\RateLimiter.h(73,16): warning C4251: drogon::SafeRateLimiter::mutex_: class "std::mutex" должен иметь dll-интерфейс для использования клиентами class "drogon::SafeRateLimiter"
C:\Program Files\Microsoft Visual Studio\2022\Community\VC\Tools\MSVC\14.35.32215\include\mutex(86,19): message : см. объявление "std::mutex"
C:\Users\labeya1\vcpkg\installed\x64-windows\include\drogon\plugins\Hodor.h(129,32): warning C4251: drogon::plugin::Hodor::limitStrategies_: class "std::vector<drogon::plugin::Hodor::LimitStrategy,std::allocator<drogon::plugin::Hodor::LimitStrategy>>" должен иметь dll-интерфейс для использования клиентами class "drogon::plugin::Hodor"
C:\Users\labeya1\vcpkg\installed\x64-windows\include\drogon\plugins\Hodor.h(129,10): message : см. объявление "std::vector<drogon::plugin::Hodor::LimitStrategy,std::allocator<drogon::plugin::Hodor::LimitStrategy>>"
C:\Users\labeya1\vcpkg\installed\x64-windows\include\drogon\plugins\Hodor.h(131,35): warning C4251: drogon::plugin::Hodor::timeUnit_: class "std::chrono::duration<double,std::ratio<1,1>>" должен иметь dll-интерфейс для использования клиентами class "drogon::plugin::Hodor"
C:\Program Files\Microsoft Visual Studio\2022\Community\VC\Tools\MSVC\14.35.32215\include\__msvc_chrono.hpp(705,23): message : см. объявление "std::chrono::duration<double,std::ratio<1,1>>"
C:\Users\labeya1\vcpkg\installed\x64-windows\include\drogon\plugins\Hodor.h(136,9): warning C4251: drogon::plugin::Hodor::userIdGetter_: class "std::function<std::optional<std::string> (const drogon::HttpRequestPtr &)>" должен иметь dll-интерфейс для использования клиентами class "drogon::plugin::Hodor"
C:\Users\labeya1\vcpkg\installed\x64-windows\include\drogon\plugins\Hodor.h(98,14): message : см. объявление "std::function<std::optional<std::string> (const drogon::HttpRequestPtr &)>"
C:\Users\labeya1\vcpkg\installed\x64-windows\include\drogon\plugins\Hodor.h(138,9): warning C4251: drogon::plugin::Hodor::rejectResponseFactory_: class "std::function<drogon::HttpResponsePtr (const drogon::HttpRequestPtr &)>" должен иметь dll-интерфейс для использования клиентами class "drogon::plugin::Hodor"
C:\Users\labeya1\vcpkg\installed\x64-windows\include\drogon\HttpAppFramework.h(343,20): message : см. объявление "std::function<drogon::HttpResponsePtr (const drogon::HttpRequestPtr &)>"
C:\Users\labeya1\vcpkg\installed\x64-windows\include\drogon\plugins\Hodor.h(147,21): warning C4251: drogon::plugin::Hodor::rejectResponse_: class "std::shared_ptr<drogon::HttpResponse>" должен иметь dll-интерфейс для использования клиентами class "drogon::plugin::Hodor"
C:\Users\labeya1\vcpkg\installed\x64-windows\include\drogon\drogon_callbacks.h(24,30): message : см. объявление "std::shared_ptr<drogon::HttpResponse>"
C:\Users\labeya1\vcpkg\installed\x64-windows\include\drogon\plugins\GlobalFilters.h(40,1): warning C4251: std::enable_shared_from_this<drogon::plugin::GlobalFilters>::_Wptr: class "std::weak_ptr<_Ty>" должен иметь dll-интерфейс для использования клиентами class "std::enable_shared_from_this<drogon::plugin::GlobalFilters>"
          with
          [
              _Ty=drogon::plugin::GlobalFilters
          ]
C:\Program Files\Microsoft Visual Studio\2022\Community\VC\Tools\MSVC\14.35.32215\include\memory(3028,16): message : см. объявление "std::weak_ptr<_Ty>"
          with
          [
              _Ty=drogon::plugin::GlobalFilters
          ]
C:\Users\labeya1\vcpkg\installed\x64-windows\include\drogon\plugins\GlobalFilters.h(50,58): warning C4251: drogon::plugin::GlobalFilters::filters_: class "std::vector<std::shared_ptr<drogon::HttpFilterBase>,std::allocator<std::shared_ptr<drogon::HttpFilterBase>>>" должен иметь dll-интерфейс для использования клиентами class "drogon::plugin::GlobalFilters"
C:\Users\labeya1\vcpkg\installed\x64-windows\include\drogon\plugins\GlobalFilters.h(50,10): message : см. объявление "std::vector<std::shared_ptr<drogon::HttpFilterBase>,std::allocator<std::shared_ptr<drogon::HttpFilterBase>>>"
C:\Users\labeya1\vcpkg\installed\x64-windows\include\drogon\plugins\GlobalFilters.h(51,16): warning C4251: drogon::plugin::GlobalFilters::exemptPegex_: class "std::basic_regex<char,std::regex_traits<char>>" должен иметь dll-интерфейс для использования клиентами class "drogon::plugin::GlobalFilters"
C:\Program Files\Microsoft Visual Studio\2022\Community\VC\Tools\MSVC\14.35.32215\include\regex(2032,29): message : см. объявление "std::basic_regex<char,std::regex_traits<char>>"
C:\Users\labeya1\vcpkg\installed\x64-windows\include\drogon\plugins\PromExporter.h(56,56): warning C4251: std::enable_shared_from_this<drogon::plugin::PromExporter>::_Wptr: class "std::weak_ptr<_Ty>" должен иметь dll-интерфейс для использования клиентами class "std::enable_shared_from_this<drogon::plugin::PromExporter>"
          with
          [
              _Ty=drogon::plugin::PromExporter
          ]
C:\Program Files\Microsoft Visual Studio\2022\Community\VC\Tools\MSVC\14.35.32215\include\memory(3028,16): message : см. объявление "std::weak_ptr<_Ty>"
          with
          [
              _Ty=drogon::plugin::PromExporter
          ]
C:\Users\labeya1\vcpkg\installed\x64-windows\include\drogon\plugins\PromExporter.h(58,1): warning C4275: class "drogon::monitoring::Registry", не являющийся dll-интерфейсом, использован в качестве базового для dll-интерфейса class "drogon::plugin::PromExporter"
C:\Users\labeya1\vcpkg\installed\x64-windows\include\drogon\utils\monitoring\Registry.h(27,7): message : см. объявление "drogon::monitoring::Registry"
C:\Users\labeya1\vcpkg\installed\x64-windows\include\drogon\plugins\PromExporter.h(54,21): message : см. объявление "drogon::plugin::PromExporter"
C:\Users\labeya1\vcpkg\installed\x64-windows\include\drogon\plugins\PromExporter.h(90,24): warning C4251: drogon::plugin::PromExporter::mutex_: class "std::mutex" должен иметь dll-интерфейс для использования клиентами class "drogon::plugin::PromExporter"
C:\Program Files\Microsoft Visual Studio\2022\Community\VC\Tools\MSVC\14.35.32215\include\mutex(86,19): message : см. объявление "std::mutex"
C:\Users\labeya1\vcpkg\installed\x64-windows\include\drogon\plugins\PromExporter.h(93,9): warning C4251: drogon::plugin::PromExporter::collectors_: class "std::unordered_map<std::string,std::shared_ptr<drogon::monitoring::CollectorBase>,std::hash<std::string>,std::equal_to<std::string>,std::allocator<std::pair<const std::string,std::shared_ptr<drogon::monitoring::CollectorBase>>>>" должен иметь dll-интерфейс для использования клиентами class "drogon::plugin::PromExporter"
C:\Users\labeya1\vcpkg\installed\x64-windows\include\drogon\plugins\PromExporter.h(91,10): message : см. объявление "std::unordered_map<std::string,std::shared_ptr<drogon::monitoring::CollectorBase>,std::hash<std::string>,std::equal_to<std::string>,std::allocator<std::pair<const std::string,std::shared_ptr<drogon::monitoring::CollectorBase>>>>"
C:\Users\labeya1\vcpkg\installed\x64-windows\include\drogon\plugins\PromExporter.h(94,17): warning C4251: drogon::plugin::PromExporter::path_: class "std::basic_string<char,std::char_traits<char>,std::allocator<char>>" должен иметь dll-интерфейс для использования клиентами class "drogon::plugin::PromExporter"
C:\Program Files\Microsoft Visual Studio\2022\Community\VC\Tools\MSVC\14.35.32215\include\xstring(5300,29): message : см. объявление "std::basic_string<char,std::char_traits<char>,std::allocator<char>>"
C:\Users\labeya1\vcpkg\installed\x64-windows\include\jwt-cpp\base.h(96,24): warning C4244: return: преобразование "__int64" в "uint32_t", возможна потеря данных
C:\Users\labeya1\vcpkg\installed\x64-windows\include\jwt-cpp\jwt.h(2180,85): warning C4244: аргумент: преобразование "double" в "__time64_t", возможна потеря данных
C:\Users\labeya1\vcpkg\installed\x64-windows\include\jwt-cpp\jwt.h(2178,1): message : во время компиляции функции-члена класс шаблон "jwt::date jwt::basic_claim<jwt::traits::kazuho_picojson>::as_date(void) const"
C:\Users\labeya1\vcpkg\installed\x64-windows\include\jwt-cpp\jwt.h(2394,32): message : выполняется компиляция ссылки на экземпляр шаблон функции "jwt::date jwt::basic_claim<jwt::traits::kazuho_picojson>::as_date(void) const"
C:\Users\labeya1\vcpkg\installed\x64-windows\include\jwt-cpp\jwt.h(3207,1): message : выполняется компиляция ссылки на экземпляр класс шаблон функции "jwt::basic_claim<jwt::traits::kazuho_picojson>"
C:\Users\labeya1\vcpkg\installed\x64-windows\include\jwt-cpp\traits\kazuho-picojson\defaults.h(19,67): message : выполняется компиляция ссылки на экземпляр класс шаблон функции "jwt::verifier<jwt::default_clock,jwt::traits::kazuho_picojson>"
  Создание кода
  0 of 4098 functions ( 0.0%) were compiled, the rest were copied from previous compilation.
    0 functions were new in current compilation
    0 functions had inline decision re-evaluated but remain unchanged
  Создание кода завершено
  restaurant.vcxproj -> C:\пет-проекты\бек сайт ресторана\x64\Release\restaurant.exe
  "pwsh.exe" не является внутренней или внешней
  командой, исполняемой программой или пакетным файлом.
